c:\users\naoki\documents\github\edamame\dx21_12_playermove_base\x64\debug\vc141.pdb
c:\users\naoki\documents\github\edamame\dx21_12_playermove_base\x64\debug\vc141.idb
c:\users\naoki\documents\github\edamame\dx21_12_playermove_base\x64\debug\sprite.obj
c:\users\naoki\documents\github\edamame\dx21_12_playermove_base\x64\debug\objectgenerator.obj
c:\users\naoki\documents\github\edamame\dx21_12_playermove_base\x64\debug\main.obj
c:\users\naoki\documents\github\edamame\dx21_12_playermove_base\x64\debug\input.obj
c:\users\naoki\documents\github\edamame\dx21_12_playermove_base\x64\debug\gametimer.obj
c:\users\naoki\documents\github\edamame\dx21_12_playermove_base\x64\debug\game.obj
c:\users\naoki\documents\github\edamame\dx21_12_playermove_base\x64\debug\gameobject.obj
c:\users\naoki\documents\github\edamame\dx21_12_playermove_base\x64\debug\wictextureloader.obj
c:\users\naoki\documents\github\edamame\dx21_12_playermove_base\x64\debug\direct3d.obj
c:\users\naoki\documents\github\edamame\dx21_12_playermove_base\x64\debug\charcontroller.obj
c:\users\naoki\documents\github\edamame\dx21_12_playermove_base\x64\debug\animator.obj
c:\users\naoki\documents\github\edamame\dx21_12_playermove_base\ps.h
c:\users\naoki\documents\github\edamame\dx21_12_playermove_base\x64\debug\dx21_move.exe
c:\users\naoki\documents\github\edamame\dx21_12_playermove_base\x64\debug\dx21_move.ilk
c:\users\naoki\documents\github\edamame\dx21_12_playermove_base\x64\debug\dx21_move.pdb
c:\users\naoki\documents\github\edamame\dx21_12_playermove_base\x64\debug\dx21_move.tlog\cl.command.1.tlog
c:\users\naoki\documents\github\edamame\dx21_12_playermove_base\x64\debug\dx21_move.tlog\cl.read.1.tlog
c:\users\naoki\documents\github\edamame\dx21_12_playermove_base\x64\debug\dx21_move.tlog\cl.write.1.tlog
c:\users\naoki\documents\github\edamame\dx21_12_playermove_base\x64\debug\dx21_move.tlog\fxc.command.1.tlog
c:\users\naoki\documents\github\edamame\dx21_12_playermove_base\x64\debug\dx21_move.tlog\fxc.read.1.tlog
c:\users\naoki\documents\github\edamame\dx21_12_playermove_base\x64\debug\dx21_move.tlog\fxc.write.1.tlog
c:\users\naoki\documents\github\edamame\dx21_12_playermove_base\x64\debug\dx21_move.tlog\link.command.1.tlog
c:\users\naoki\documents\github\edamame\dx21_12_playermove_base\x64\debug\dx21_move.tlog\link.read.1.tlog
c:\users\naoki\documents\github\edamame\dx21_12_playermove_base\x64\debug\dx21_move.tlog\link.write.1.tlog
