c:\users\yudai\onedrive\デスクトップ\hew\edamame\hew\x64\debug\vc141.pdb
c:\users\yudai\onedrive\デスクトップ\hew\edamame\hew\x64\debug\vc141.idb
c:\users\yudai\onedrive\デスクトップ\hew\edamame\hew\x64\debug\xaudio2.obj
c:\users\yudai\onedrive\デスクトップ\hew\edamame\hew\x64\debug\sprite.obj
c:\users\yudai\onedrive\デスクトップ\hew\edamame\hew\x64\debug\player.obj
c:\users\yudai\onedrive\デスクトップ\hew\edamame\hew\x64\debug\mapgeneration.obj
c:\users\yudai\onedrive\デスクトップ\hew\edamame\hew\x64\debug\main.obj
c:\users\yudai\onedrive\デスクトップ\hew\edamame\hew\x64\debug\input.obj
c:\users\yudai\onedrive\デスクトップ\hew\edamame\hew\x64\debug\gametimer.obj
c:\users\yudai\onedrive\デスクトップ\hew\edamame\hew\x64\debug\game.obj
c:\users\yudai\onedrive\デスクトップ\hew\edamame\hew\x64\debug\gameobject.obj
c:\users\yudai\onedrive\デスクトップ\hew\edamame\hew\x64\debug\wictextureloader.obj
c:\users\yudai\onedrive\デスクトップ\hew\edamame\hew\x64\debug\direct3d.obj
c:\users\yudai\onedrive\デスクトップ\hew\edamame\hew\x64\debug\charcontroller.obj
c:\users\yudai\onedrive\デスクトップ\hew\edamame\hew\x64\debug\animator.obj
c:\users\yudai\onedrive\デスクトップ\hew\edamame\hew\x64\debug\snowball.obj
c:\users\yudai\onedrive\デスクトップ\hew\edamame\hew\ps.h
c:\users\yudai\onedrive\デスクトップ\hew\edamame\hew\x64\debug\hew.pdb
c:\users\yudai\onedrive\デスクトップ\hew\edamame\hew\x64\debug\hew.tlog\cl.command.1.tlog
c:\users\yudai\onedrive\デスクトップ\hew\edamame\hew\x64\debug\hew.tlog\cl.read.1.tlog
c:\users\yudai\onedrive\デスクトップ\hew\edamame\hew\x64\debug\hew.tlog\cl.write.1.tlog
c:\users\yudai\onedrive\デスクトップ\hew\edamame\hew\x64\debug\hew.tlog\fxc.command.1.tlog
c:\users\yudai\onedrive\デスクトップ\hew\edamame\hew\x64\debug\hew.tlog\fxc.read.1.tlog
c:\users\yudai\onedrive\デスクトップ\hew\edamame\hew\x64\debug\hew.tlog\fxc.write.1.tlog
c:\users\yudai\onedrive\デスクトップ\hew\edamame\hew\x64\debug\hew.tlog\link.6716-cvtres.read.1.tlog
c:\users\yudai\onedrive\デスクトップ\hew\edamame\hew\x64\debug\hew.tlog\link.6716-cvtres.write.1.tlog
c:\users\yudai\onedrive\デスクトップ\hew\edamame\hew\x64\debug\hew.tlog\link.6716-rc.read.1.tlog
c:\users\yudai\onedrive\デスクトップ\hew\edamame\hew\x64\debug\hew.tlog\link.6716-rc.write.1.tlog
c:\users\yudai\onedrive\デスクトップ\hew\edamame\hew\x64\debug\hew.tlog\link.6716.read.1.tlog
c:\users\yudai\onedrive\デスクトップ\hew\edamame\hew\x64\debug\hew.tlog\link.6716.write.1.tlog
c:\users\yudai\onedrive\デスクトップ\hew\edamame\hew\x64\debug\hew.tlog\link.command.1.tlog
c:\users\yudai\onedrive\デスクトップ\hew\edamame\hew\x64\debug\hew.tlog\link.read.1.tlog
c:\users\yudai\onedrive\デスクトップ\hew\edamame\hew\x64\debug\hew.tlog\link.write.1.tlog
